d:\study\github\mybusiness\mybusiness\mybusiness\debug\vc142.pdb
d:\study\github\mybusiness\mybusiness\mybusiness\debug\vc142.idb
d:\study\github\mybusiness\mybusiness\mybusiness\debug\tunnalhandle.obj
d:\study\github\mybusiness\mybusiness\mybusiness\debug\tinyxmlparser.obj
d:\study\github\mybusiness\mybusiness\mybusiness\debug\tinyxmlerror.obj
d:\study\github\mybusiness\mybusiness\mybusiness\debug\tinyxml.obj
d:\study\github\mybusiness\mybusiness\mybusiness\debug\tinystr.obj
d:\study\github\mybusiness\mybusiness\mybusiness\debug\testtask.obj
d:\study\github\mybusiness\mybusiness\mybusiness\debug\task.obj
d:\study\github\mybusiness\mybusiness\mybusiness\debug\mythreadpool.obj
d:\study\github\mybusiness\mybusiness\mybusiness\debug\mythread.obj
d:\study\github\mybusiness\mybusiness\mybusiness\debug\mystack.obj
d:\study\github\mybusiness\mybusiness\mybusiness\debug\myqueue.obj
d:\study\github\mybusiness\mybusiness\mybusiness\debug\mymutex.obj
d:\study\github\mybusiness\mybusiness\mybusiness\debug\mylist.obj
d:\study\github\mybusiness\mybusiness\mybusiness\debug\mybusiness.obj
d:\study\github\mybusiness\mybusiness\mybusiness\debug\json_writer.obj
d:\study\github\mybusiness\mybusiness\mybusiness\debug\json_value.obj
d:\study\github\mybusiness\mybusiness\mybusiness\debug\json_reader.obj
d:\study\github\mybusiness\mybusiness\mybusiness\debug\desktophandle.obj
d:\study\github\mybusiness\mybusiness\mybusiness\debug\assistant.obj
d:\study\github\mybusiness\mybusiness\debug\mybusiness.exe
d:\study\github\mybusiness\mybusiness\debug\mybusiness.ilk
d:\study\github\mybusiness\mybusiness\debug\mybusiness.pdb
d:\study\github\mybusiness\mybusiness\debug\assistant.obj
d:\study\github\mybusiness\mybusiness\debug\desktophandle.obj
d:\study\github\mybusiness\mybusiness\debug\json_reader.obj
d:\study\github\mybusiness\mybusiness\debug\json_value.obj
d:\study\github\mybusiness\mybusiness\debug\json_writer.obj
d:\study\github\mybusiness\mybusiness\debug\mybusiness.obj
d:\study\github\mybusiness\mybusiness\debug\mylist.obj
d:\study\github\mybusiness\mybusiness\debug\mymutex.obj
d:\study\github\mybusiness\mybusiness\debug\myqueue.obj
d:\study\github\mybusiness\mybusiness\debug\mystack.obj
d:\study\github\mybusiness\mybusiness\debug\mythread.obj
d:\study\github\mybusiness\mybusiness\debug\mythreadpool.obj
d:\study\github\mybusiness\mybusiness\debug\task.obj
d:\study\github\mybusiness\mybusiness\debug\testtask.obj
d:\study\github\mybusiness\mybusiness\debug\tinystr.obj
d:\study\github\mybusiness\mybusiness\debug\tinyxml.obj
d:\study\github\mybusiness\mybusiness\debug\tinyxmlerror.obj
d:\study\github\mybusiness\mybusiness\debug\tinyxmlparser.obj
d:\study\github\mybusiness\mybusiness\debug\tunnalhandle.obj
d:\study\github\mybusiness\mybusiness\debug\vc142.idb
d:\study\github\mybusiness\mybusiness\debug\vc142.pdb
d:\study\github\mybusiness\debug\mybusiness.pdb
d:\study\github\mybusiness\debug\mybusiness.exe
d:\study\github\mybusiness\debug\mybusiness.ilk
d:\study\github\mybusiness\mybusiness\debug\mybusiness.tlog\cl.command.1.tlog
d:\study\github\mybusiness\mybusiness\debug\mybusiness.tlog\cl.read.1.tlog
d:\study\github\mybusiness\mybusiness\debug\mybusiness.tlog\cl.write.1.tlog
d:\study\github\mybusiness\mybusiness\debug\mybusiness.tlog\link.command.1.tlog
d:\study\github\mybusiness\mybusiness\debug\mybusiness.tlog\link.read.1.tlog
d:\study\github\mybusiness\mybusiness\debug\mybusiness.tlog\link.write.1.tlog
